=== [Fri Feb 28 23:52:39 PST 2025] Start HISAT2 mapping for sample: 21148E0 ===
=== [Fri Feb 28 23:53:35 PST 2025] Done processing: 21148E0 ===
=== [Fri Feb 28 23:53:35 PST 2025] Start HISAT2 mapping for sample: 21286E0 ===
=== [Fri Feb 28 23:54:35 PST 2025] Done processing: 21286E0 ===
=== [Fri Feb 28 23:54:35 PST 2025] Start HISAT2 mapping for sample: 22162E0 ===
=== [Fri Feb 28 23:55:31 PST 2025] Done processing: 22162E0 ===
=== [Fri Feb 28 23:55:31 PST 2025] Start HISAT2 mapping for sample: 21297E0 ===
=== [Fri Feb 28 23:56:14 PST 2025] Done processing: 21297E0 ===
=== [Fri Feb 28 23:56:14 PST 2025] Start HISAT2 mapping for sample: 21029E0 ===
=== [Fri Feb 28 23:56:59 PST 2025] Done processing: 21029E0 ===
=== [Fri Feb 28 23:56:59 PST 2025] Start HISAT2 mapping for sample: 22052E0 ===
=== [Fri Feb 28 23:57:45 PST 2025] Done processing: 22052E0 ===
=== [Fri Feb 28 23:57:45 PST 2025] Start HISAT2 mapping for sample: 22031E0 ===
=== [Fri Feb 28 23:58:36 PST 2025] Done processing: 22031E0 ===
=== [Fri Feb 28 23:58:36 PST 2025] Start HISAT2 mapping for sample: 21293E0 ===
=== [Fri Feb 28 23:59:32 PST 2025] Done processing: 21293E0 ===
=== [Fri Feb 28 23:59:32 PST 2025] Start HISAT2 mapping for sample: 22378E0 ===
=== [Sat Mar  1 00:00:31 PST 2025] Done processing: 22378E0 ===
=== [Sat Mar  1 00:00:31 PST 2025] Start HISAT2 mapping for sample: 22390E0 ===
=== [Sat Mar  1 00:01:41 PST 2025] Done processing: 22390E0 ===
=== All Samples Processed Successfully! ===
